::1 - - [25/Feb/2019:15:27:18 +0700] "GET / HTTP/1.1" 302 - "-" "Mozilla/5.0 (Windows NT 10.0; Win64; x64) AppleWebKit/537.36 (KHTML, like Gecko) Chrome/74.0.3710.0 Safari/537.36"
::1 - - [25/Feb/2019:15:27:19 +0700] "GET /phpmyadmin/ HTTP/1.1" 200 13392 "http://localhost/dashboard/" "Mozilla/5.0 (Windows NT 10.0; Win64; x64) AppleWebKit/537.36 (KHTML, like Gecko) Chrome/74.0.3710.0 Safari/537.36"
::1 - - [25/Feb/2019:15:27:20 +0700] "GET /phpmyadmin/js/get_scripts.js.php?scripts%5B%5D=jquery/jquery.min.js&scripts%5B%5D=jquery/jquery-migrate-3.0.0.js&scripts%5B%5D=sprintf.js&scripts%5B%5D=ajax.js&scripts%5B%5D=keyhandler.js&scripts%5B%5D=jquery/jquery-ui.min.js&scripts%5B%5D=jquery/jquery.cookie.js&scripts%5B%5D=jquery/jquery.mousewheel.js&scripts%5B%5D=jquery/jquery.event.drag-2.2.js&scripts%5B%5D=jquery/jquery-ui-timepicker-addon.js&v=4.7.4 HTTP/1.1" 200 138812 "-" "Mozilla/5.0 (Windows NT 10.0; Win64; x64) AppleWebKit/537.36 (KHTML, like Gecko) Chrome/74.0.3710.0 Safari/537.36"
::1 - - [25/Feb/2019:15:27:20 +0700] "GET /phpmyadmin/phpmyadmin.css.php?nocache=6005344686ltr&server=1 HTTP/1.1" 200 20142 "-" "Mozilla/5.0 (Windows NT 10.0; Win64; x64) AppleWebKit/537.36 (KHTML, like Gecko) Chrome/74.0.3710.0 Safari/537.36"
::1 - - [25/Feb/2019:15:27:20 +0700] "GET /phpmyadmin/js/whitelist.php?v=4.7.4 HTTP/1.1" 200 475 "-" "Mozilla/5.0 (Windows NT 10.0; Win64; x64) AppleWebKit/537.36 (KHTML, like Gecko) Chrome/74.0.3710.0 Safari/537.36"
::1 - - [25/Feb/2019:15:27:20 +0700] "GET /phpmyadmin/js/get_scripts.js.php?scripts%5B%5D=jquery/jquery.ba-hashchange-1.3.js&scripts%5B%5D=jquery/jquery.debounce-1.0.5.js&scripts%5B%5D=menu-resizer.js&scripts%5B%5D=cross_framing_protection.js&scripts%5B%5D=rte.js&scripts%5B%5D=tracekit/tracekit.js&scripts%5B%5D=error_report.js&scripts%5B%5D=config.js&scripts%5B%5D=doclinks.js&scripts%5B%5D=functions.js&v=4.7.4 HTTP/1.1" 200 76958 "-" "Mozilla/5.0 (Windows NT 10.0; Win64; x64) AppleWebKit/537.36 (KHTML, like Gecko) Chrome/74.0.3710.0 Safari/537.36"
::1 - - [25/Feb/2019:15:27:20 +0700] "GET /phpmyadmin/js/get_image.js.php?theme=pmahomme&v=4.7.4 HTTP/1.1" 200 1841 "-" "Mozilla/5.0 (Windows NT 10.0; Win64; x64) AppleWebKit/537.36 (KHTML, like Gecko) Chrome/74.0.3710.0 Safari/537.36"
::1 - - [25/Feb/2019:15:27:20 +0700] "GET /phpmyadmin/js/messages.php?v=4.7.4 HTTP/1.1" 200 8648 "-" "Mozilla/5.0 (Windows NT 10.0; Win64; x64) AppleWebKit/537.36 (KHTML, like Gecko) Chrome/74.0.3710.0 Safari/537.36"
::1 - - [25/Feb/2019:15:27:20 +0700] "GET /phpmyadmin/js/get_scripts.js.php?scripts%5B%5D=navigation.js&scripts%5B%5D=indexes.js&scripts%5B%5D=common.js&scripts%5B%5D=page_settings.js&scripts%5B%5D=shortcuts_handler.js&scripts%5B%5D=codemirror/lib/codemirror.js&scripts%5B%5D=codemirror/mode/sql/sql.js&scripts%5B%5D=codemirror/addon/runmode/runmode.js&scripts%5B%5D=codemirror/addon/hint/show-hint.js&scripts%5B%5D=codemirror/addon/hint/sql-hint.js&v=4.7.4 HTTP/1.1" 200 135447 "-" "Mozilla/5.0 (Windows NT 10.0; Win64; x64) AppleWebKit/537.36 (KHTML, like Gecko) Chrome/74.0.3710.0 Safari/537.36"
::1 - - [25/Feb/2019:15:27:20 +0700] "GET /phpmyadmin/js/get_scripts.js.php?scripts%5B%5D=codemirror/addon/lint/lint.js&scripts%5B%5D=codemirror/addon/lint/sql-lint.js&scripts%5B%5D=console.js&v=4.7.4 HTTP/1.1" 200 13176 "-" "Mozilla/5.0 (Windows NT 10.0; Win64; x64) AppleWebKit/537.36 (KHTML, like Gecko) Chrome/74.0.3710.0 Safari/537.36"
::1 - - [25/Feb/2019:15:27:20 +0700] "POST /phpmyadmin/navigation.php?ajax_request=1 HTTP/1.1" 200 2039 "-" "Mozilla/5.0 (Windows NT 10.0; Win64; x64) AppleWebKit/537.36 (KHTML, like Gecko) Chrome/74.0.3710.0 Safari/537.36"
::1 - - [25/Feb/2019:15:27:20 +0700] "POST /phpmyadmin/version_check.php HTTP/1.1" 200 64 "-" "Mozilla/5.0 (Windows NT 10.0; Win64; x64) AppleWebKit/537.36 (KHTML, like Gecko) Chrome/74.0.3710.0 Safari/537.36"
::1 - - [25/Feb/2019:15:27:20 +0700] "POST /phpmyadmin/db_structure.php?ajax_request=1&favorite_table=1&sync_favorite_tables=1 HTTP/1.1" 200 143 "-" "Mozilla/5.0 (Windows NT 10.0; Win64; x64) AppleWebKit/537.36 (KHTML, like Gecko) Chrome/74.0.3710.0 Safari/537.36"
::1 - - [25/Feb/2019:15:49:44 +0700] "GET / HTTP/1.1" 302 - "-" "Mozilla/5.0 (Windows NT 10.0; Win64; x64) AppleWebKit/537.36 (KHTML, like Gecko) Chrome/74.0.3710.0 Safari/537.36"
::1 - - [25/Feb/2019:15:49:45 +0700] "GET /phpmyadmin/ HTTP/1.1" 200 13392 "http://localhost/dashboard/" "Mozilla/5.0 (Windows NT 10.0; Win64; x64) AppleWebKit/537.36 (KHTML, like Gecko) Chrome/74.0.3710.0 Safari/537.36"
::1 - - [25/Feb/2019:15:49:45 +0700] "GET /phpmyadmin/phpmyadmin.css.php?nocache=6005344686ltr&server=1 HTTP/1.1" 200 20142 "-" "Mozilla/5.0 (Windows NT 10.0; Win64; x64) AppleWebKit/537.36 (KHTML, like Gecko) Chrome/74.0.3710.0 Safari/537.36"
::1 - - [25/Feb/2019:15:49:45 +0700] "GET /phpmyadmin/js/get_scripts.js.php?scripts%5B%5D=navigation.js&scripts%5B%5D=indexes.js&scripts%5B%5D=common.js&scripts%5B%5D=page_settings.js&scripts%5B%5D=shortcuts_handler.js&scripts%5B%5D=codemirror/lib/codemirror.js&scripts%5B%5D=codemirror/mode/sql/sql.js&scripts%5B%5D=codemirror/addon/runmode/runmode.js&scripts%5B%5D=codemirror/addon/hint/show-hint.js&scripts%5B%5D=codemirror/addon/hint/sql-hint.js&v=4.7.4 HTTP/1.1" 200 135447 "-" "Mozilla/5.0 (Windows NT 10.0; Win64; x64) AppleWebKit/537.36 (KHTML, like Gecko) Chrome/74.0.3710.0 Safari/537.36"
::1 - - [25/Feb/2019:15:49:45 +0700] "GET /phpmyadmin/js/get_scripts.js.php?scripts%5B%5D=codemirror/addon/lint/lint.js&scripts%5B%5D=codemirror/addon/lint/sql-lint.js&scripts%5B%5D=console.js&v=4.7.4 HTTP/1.1" 200 13176 "-" "Mozilla/5.0 (Windows NT 10.0; Win64; x64) AppleWebKit/537.36 (KHTML, like Gecko) Chrome/74.0.3710.0 Safari/537.36"
::1 - - [25/Feb/2019:15:49:46 +0700] "POST /phpmyadmin/navigation.php?ajax_request=1 HTTP/1.1" 200 2039 "-" "Mozilla/5.0 (Windows NT 10.0; Win64; x64) AppleWebKit/537.36 (KHTML, like Gecko) Chrome/74.0.3710.0 Safari/537.36"
::1 - - [25/Feb/2019:15:49:46 +0700] "POST /phpmyadmin/version_check.php HTTP/1.1" 200 64 "-" "Mozilla/5.0 (Windows NT 10.0; Win64; x64) AppleWebKit/537.36 (KHTML, like Gecko) Chrome/74.0.3710.0 Safari/537.36"
::1 - - [25/Feb/2019:15:49:46 +0700] "POST /phpmyadmin/db_structure.php?ajax_request=1&favorite_table=1&sync_favorite_tables=1 HTTP/1.1" 200 143 "-" "Mozilla/5.0 (Windows NT 10.0; Win64; x64) AppleWebKit/537.36 (KHTML, like Gecko) Chrome/74.0.3710.0 Safari/537.36"
::1 - - [25/Feb/2019:15:49:49 +0700] "GET /phpmyadmin/index.php?ajax_request=true&ajax_page_request=true&_nocache=1551084589477707428 HTTP/1.1" 200 6963 "-" "Mozilla/5.0 (Windows NT 10.0; Win64; x64) AppleWebKit/537.36 (KHTML, like Gecko) Chrome/74.0.3710.0 Safari/537.36"
::1 - - [25/Feb/2019:15:49:49 +0700] "POST /phpmyadmin/db_structure.php?ajax_request=1&favorite_table=1&sync_favorite_tables=1 HTTP/1.1" 200 143 "-" "Mozilla/5.0 (Windows NT 10.0; Win64; x64) AppleWebKit/537.36 (KHTML, like Gecko) Chrome/74.0.3710.0 Safari/537.36"
::1 - - [25/Feb/2019:15:49:49 +0700] "POST /phpmyadmin/version_check.php HTTP/1.1" 200 64 "-" "Mozilla/5.0 (Windows NT 10.0; Win64; x64) AppleWebKit/537.36 (KHTML, like Gecko) Chrome/74.0.3710.0 Safari/537.36"
::1 - - [25/Feb/2019:15:49:50 +0700] "GET /phpmyadmin/server_databases.php?db=&ajax_request=true&ajax_page_request=true&_nocache=1551084590445293770 HTTP/1.1" 200 6083 "-" "Mozilla/5.0 (Windows NT 10.0; Win64; x64) AppleWebKit/537.36 (KHTML, like Gecko) Chrome/74.0.3710.0 Safari/537.36"
::1 - - [25/Feb/2019:15:49:50 +0700] "GET /phpmyadmin/js/get_scripts.js.php?scripts%5B%5D=server_databases.js&call_done=1&v=4.7.4&call_done=1&v=4.7.4 HTTP/1.1" 200 2154 "-" "Mozilla/5.0 (Windows NT 10.0; Win64; x64) AppleWebKit/537.36 (KHTML, like Gecko) Chrome/74.0.3710.0 Safari/537.36"
::1 - - [25/Feb/2019:15:52:20 +0700] "GET / HTTP/1.1" 302 - "-" "Mozilla/5.0 (Windows NT 10.0; Win64; x64) AppleWebKit/537.36 (KHTML, like Gecko) Chrome/74.0.3710.0 Safari/537.36"
::1 - - [25/Feb/2019:15:52:22 +0700] "GET /phpmyadmin/ HTTP/1.1" 200 13392 "http://localhost/dashboard/" "Mozilla/5.0 (Windows NT 10.0; Win64; x64) AppleWebKit/537.36 (KHTML, like Gecko) Chrome/74.0.3710.0 Safari/537.36"
::1 - - [25/Feb/2019:15:52:22 +0700] "POST /phpmyadmin/navigation.php?ajax_request=1 HTTP/1.1" 200 2039 "-" "Mozilla/5.0 (Windows NT 10.0; Win64; x64) AppleWebKit/537.36 (KHTML, like Gecko) Chrome/74.0.3710.0 Safari/537.36"
::1 - - [25/Feb/2019:15:52:22 +0700] "POST /phpmyadmin/version_check.php HTTP/1.1" 200 64 "-" "Mozilla/5.0 (Windows NT 10.0; Win64; x64) AppleWebKit/537.36 (KHTML, like Gecko) Chrome/74.0.3710.0 Safari/537.36"
::1 - - [25/Feb/2019:15:52:22 +0700] "POST /phpmyadmin/db_structure.php?ajax_request=1&favorite_table=1&sync_favorite_tables=1 HTTP/1.1" 200 143 "-" "Mozilla/5.0 (Windows NT 10.0; Win64; x64) AppleWebKit/537.36 (KHTML, like Gecko) Chrome/74.0.3710.0 Safari/537.36"
